TN:
SF:src\lib\api.ts
FN:44,request
FN:66,getProducts
FN:68,(anonymous_7)
FN:78,tokenizeCard
FN:110,prepareCheckout
FN:146,chargeCheckout
FNF:6
FNH:6
FNDA:4,request
FNDA:1,getProducts
FNDA:1,(anonymous_7)
FNDA:1,tokenizeCard
FNDA:1,prepareCheckout
FNDA:1,chargeCheckout
DA:4,1
DA:9,1
DA:11,1
DA:13,1
DA:45,4
DA:46,4
DA:49,4
DA:50,4
DA:52,0
DA:55,4
DA:57,0
DA:60,0
DA:63,4
DA:66,1
DA:67,1
DA:68,1
DA:78,1
DA:79,1
DA:80,0
DA:83,1
DA:98,1
DA:99,1
DA:100,0
DA:103,1
DA:110,1
DA:119,1
DA:146,1
DA:150,1
LF:28
LH:23
BRDA:9,0,0,1
BRDA:9,0,1,1
BRDA:11,1,0,1
BRDA:11,1,1,1
BRDA:50,2,0,4
BRDA:50,2,1,0
BRDA:55,3,0,0
BRDA:55,3,1,4
BRDA:57,4,0,0
BRDA:57,4,1,0
BRDA:57,5,0,0
BRDA:57,5,1,0
BRDA:57,5,2,0
BRDA:79,6,0,0
BRDA:79,6,1,1
BRDA:99,7,0,0
BRDA:99,7,1,1
BRDA:104,8,0,0
BRDA:104,8,1,1
BRDA:105,9,0,1
BRDA:105,9,1,0
BRF:21
BRH:10
end_of_record
TN:
SF:src\pages\CheckoutPage\checkoutValidation.ts
FN:3,onlyDigits
FN:7,formatCardNumber
FN:14,formatExpiry
FN:19,detectCardBrand
FN:39,isValidCardNumber
FN:66,isValidExpiry
FN:82,maskCardNumber
FNF:7
FNH:6
FNDA:9,onlyDigits
FNDA:1,formatCardNumber
FNDA:1,formatExpiry
FNDA:3,detectCardBrand
FNDA:3,isValidCardNumber
FNDA:3,isValidExpiry
FNDA:0,maskCardNumber
DA:3,1
DA:4,9
DA:7,1
DA:8,1
DA:14,1
DA:15,1
DA:16,1
DA:19,3
DA:20,3
DA:22,3
DA:23,1
DA:26,2
DA:27,2
DA:29,2
DA:33,1
DA:36,1
DA:39,3
DA:40,3
DA:42,3
DA:43,1
DA:46,2
DA:47,2
DA:49,2
DA:50,32
DA:52,32
DA:53,16
DA:54,16
DA:55,0
DA:59,32
DA:60,32
DA:63,2
DA:66,3
DA:67,3
DA:69,3
DA:70,1
DA:73,2
DA:74,2
DA:75,2
DA:76,2
DA:77,2
DA:79,2
DA:82,0
DA:83,0
DA:84,0
LF:44
LH:40
BRDA:16,0,0,1
BRDA:16,0,1,0
BRDA:22,1,0,1
BRDA:22,1,1,2
BRDA:29,2,0,1
BRDA:29,2,1,1
BRDA:30,3,0,2
BRDA:30,3,1,2
BRDA:30,3,2,1
BRDA:30,3,3,1
BRDA:42,4,0,1
BRDA:42,4,1,2
BRDA:42,5,0,3
BRDA:42,5,1,2
BRDA:52,6,0,16
BRDA:52,6,1,16
BRDA:54,7,0,0
BRDA:54,7,1,16
BRDA:69,8,0,1
BRDA:69,8,1,2
BRDA:79,9,0,2
BRDA:79,9,1,1
BRDA:79,9,2,0
BRDA:84,10,0,0
BRDA:84,10,1,0
BRF:25
BRH:20
end_of_record
TN:
SF:src\store\checkoutSlice.ts
FN:33,(anonymous_12)
FN:42,(anonymous_13)
FN:45,(anonymous_14)
FN:48,(anonymous_15)
FN:51,(anonymous_16)
FN:57,(anonymous_17)
FN:60,(anonymous_18)
FN:64,(anonymous_19)
FN:71,(anonymous_20)
FNF:9
FNH:6
FNDA:1,(anonymous_12)
FNDA:1,(anonymous_13)
FNDA:1,(anonymous_14)
FNDA:0,(anonymous_15)
FNDA:1,(anonymous_16)
FNDA:0,(anonymous_17)
FNDA:1,(anonymous_18)
FNDA:0,(anonymous_19)
FNDA:1,(anonymous_20)
DA:1,1
DA:19,4
DA:29,1
DA:34,1
DA:35,1
DA:36,1
DA:37,1
DA:38,1
DA:39,1
DA:40,1
DA:43,1
DA:46,1
DA:49,0
DA:52,1
DA:53,1
DA:54,1
DA:55,1
DA:58,0
DA:61,1
DA:62,1
DA:65,0
DA:66,0
DA:67,0
DA:68,0
DA:69,0
DA:71,1
DA:76,0
DA:77,1
DA:78,0
DA:79,1
DA:80,1
DA:81,1
DA:82,1
DA:83,1
DA:84,0
DA:85,1
DA:87,6
LF:37
LH:27
BRF:0
BRH:0
end_of_record
